TN:
SF:src/index.js
FN:5,(anonymous_0)
FNF:1
FNH:1
FNDA:1,(anonymous_0)
DA:5,1
DA:6,1
DA:7,1
DA:8,1
DA:9,1
DA:10,1
DA:11,1
LF:7
LH:7
BRF:0
BRH:0
end_of_record
TN:
SF:src/utils.js
FN:2,(anonymous_0)
FN:12,(anonymous_1)
FN:14,(anonymous_2)
FN:21,(anonymous_3)
FN:30,(anonymous_4)
FN:50,(anonymous_5)
FNF:6
FNH:6
FNDA:1,(anonymous_0)
FNDA:2,(anonymous_1)
FNDA:7,(anonymous_2)
FNDA:1,(anonymous_3)
FNDA:6,(anonymous_4)
FNDA:1,(anonymous_5)
DA:2,1
DA:3,1
DA:4,1
DA:5,1
DA:6,6
DA:8,1
DA:9,1
DA:12,1
DA:13,2
DA:14,2
DA:15,7
DA:16,7
DA:18,2
DA:21,1
DA:22,1
DA:23,1
DA:25,1
DA:26,6
DA:28,1
DA:31,6
DA:32,36
DA:33,36
DA:34,36
DA:35,1
DA:36,35
DA:37,4
DA:38,31
DA:39,3
DA:43,6
DA:47,1
DA:50,1
DA:51,1
DA:52,1
DA:53,1
DA:54,1
DA:55,1
DA:57,1
DA:58,7
DA:59,7
DA:60,1
DA:61,6
DA:62,2
DA:63,4
DA:64,2
DA:65,2
DA:66,2
DA:67,2
DA:68,1
DA:70,1
DA:74,1
LF:50
LH:50
BRDA:12,0,0,0
BRDA:34,1,0,1
BRDA:34,1,1,35
BRDA:34,2,0,36
BRDA:34,2,1,8
BRDA:36,3,0,4
BRDA:36,3,1,31
BRDA:36,4,0,35
BRDA:36,4,1,7
BRDA:38,5,0,3
BRDA:38,5,1,28
BRDA:38,6,0,31
BRDA:38,6,1,3
BRDA:59,7,0,1
BRDA:59,7,1,6
BRDA:61,8,0,2
BRDA:61,8,1,4
BRDA:63,9,0,2
BRDA:63,9,1,2
BRDA:66,10,0,2
BRDA:66,10,1,0
BRDA:66,11,0,2
BRDA:66,11,1,2
BRDA:67,12,0,1
BRDA:67,12,1,1
BRF:25
BRH:23
end_of_record
